app/manifest-merger-live-release-report.txt
-- Merging decision tree log ---
manifest
ADDED from AndroidManifest.xml:2:1
	xmlns:android
		ADDED from AndroidManifest.xml:4:5
	package
		ADDED from AndroidManifest.xml:3:5
		INJECTED from AndroidManifest.xml:0:0
		INJECTED from AndroidManifest.xml:0:0
	android:versionName
		INJECTED from AndroidManifest.xml:0:0
		INJECTED from AndroidManifest.xml:0:0
	android:versionCode
		INJECTED from AndroidManifest.xml:0:0
		INJECTED from AndroidManifest.xml:0:0
uses-permission#android.permission.INTERNET
ADDED from AndroidManifest.xml:6:5
MERGED from com.crashlytics.sdk.android:crashlytics:2.2.0:11:5
	android:name
		ADDED from AndroidManifest.xml:6:22
uses-permission#android.permission.WAKE_LOCK
ADDED from AndroidManifest.xml:8:5
	android:name
		ADDED from AndroidManifest.xml:8:22
application
ADDED from AndroidManifest.xml:10:5
MERGED from com.android.support:support-v4:22.1.1:22:5
MERGED from com.android.support:appcompat-v7:21.0.2:16:5
MERGED from com.android.support:support-v4:22.1.1:22:5
MERGED from com.google.android.gms:play-services:6.5.87:20:5
MERGED from com.android.support:support-v4:22.1.1:22:5
MERGED from com.crashlytics.sdk.android:crashlytics:2.2.0:13:5
MERGED from com.crashlytics.sdk.android:answers:1.1.0:11:5
MERGED from io.fabric.sdk.android:fabric:1.1.0:11:5
MERGED from com.crashlytics.sdk.android:beta:1.1.0:11:5
MERGED from io.fabric.sdk.android:fabric:1.1.0:11:5
MERGED from io.fabric.sdk.android:fabric:1.1.0:11:5
	android:label
		ADDED from AndroidManifest.xml:14:9
	android:allowBackup
		ADDED from AndroidManifest.xml:12:9
	android:icon
		ADDED from AndroidManifest.xml:13:9
	android:theme
		ADDED from AndroidManifest.xml:16:9
	android:name
		ADDED from AndroidManifest.xml:11:9
	android:logo
		ADDED from AndroidManifest.xml:15:9
activity#filtermusic.net.ui.TabsActivity
ADDED from AndroidManifest.xml:17:9
	android:label
		ADDED from AndroidManifest.xml:19:13
	android:name
		ADDED from AndroidManifest.xml:18:13
intent-filter#android.intent.action.MAIN+android.intent.category.LAUNCHER
ADDED from AndroidManifest.xml:20:13
action#android.intent.action.MAIN
ADDED from AndroidManifest.xml:21:17
	android:name
		ADDED from AndroidManifest.xml:21:25
category#android.intent.category.LAUNCHER
ADDED from AndroidManifest.xml:23:17
	android:name
		ADDED from AndroidManifest.xml:23:27
activity#filtermusic.net.ui.details.RadioDetailActivity
ADDED from AndroidManifest.xml:27:9
	android:name
		ADDED from AndroidManifest.xml:27:19
meta-data#com.crashlytics.ApiKey
ADDED from AndroidManifest.xml:29:9
	android:name
		ADDED from AndroidManifest.xml:29:20
	android:value
		ADDED from AndroidManifest.xml:29:58
service#com.android.magic.stream.player.MediaPlayerService
ADDED from AndroidManifest.xml:31:9
	android:name
		ADDED from AndroidManifest.xml:31:18
receiver#com.android.magic.stream.player.MusicIntentReceiver
ADDED from AndroidManifest.xml:33:9
	android:name
		ADDED from AndroidManifest.xml:33:19
intent-filter#android.media.AUDIO_BECOMING_NOISY
ADDED from AndroidManifest.xml:34:13
action#android.media.AUDIO_BECOMING_NOISY
ADDED from AndroidManifest.xml:35:17
	android:name
		ADDED from AndroidManifest.xml:35:25
meta-data#com.google.android.gms.version
ADDED from AndroidManifest.xml:39:9
MERGED from com.google.android.gms:play-services:6.5.87:21:9
	android:name
		ADDED from AndroidManifest.xml:39:20
	android:value
		ADDED from AndroidManifest.xml:40:20
uses-sdk
INJECTED from AndroidManifest.xml:0:0 reason: use-sdk injection requested
MERGED from com.android.support:support-v4:22.1.1:20:5
MERGED from com.android.support:appcompat-v7:21.0.2:15:5
MERGED from com.android.support:support-v4:22.1.1:20:5
MERGED from com.google.android.gms:play-services:6.5.87:18:5
MERGED from com.android.support:support-v4:22.1.1:20:5
MERGED from com.crashlytics.sdk.android:crashlytics:2.2.0:7:5
MERGED from com.crashlytics.sdk.android:answers:1.1.0:7:5
MERGED from io.fabric.sdk.android:fabric:1.1.0:7:5
MERGED from com.crashlytics.sdk.android:beta:1.1.0:7:5
MERGED from io.fabric.sdk.android:fabric:1.1.0:7:5
MERGED from io.fabric.sdk.android:fabric:1.1.0:7:5
	android:targetSdkVersion
		INJECTED from AndroidManifest.xml:0:0
		INJECTED from AndroidManifest.xml:0:0
	android:minSdkVersion
		INJECTED from AndroidManifest.xml:0:0
		INJECTED from AndroidManifest.xml:0:0